<?xml version="1.0" encoding="UTF-8"?>
<!-- Generated by org.testng.reporters.JUnitXMLReporter -->
<testsuite ignored="6" hostname="LTIN268674" failures="0" tests="18" name="ChromeTest" time="292.725" errors="0" timestamp="2024-03-08T15:34:04 IST">
  <testcase classname="TestCases.FindDoctors_TestCases" name="TC_001_findDoctors" time="2.842"/>
  <testcase classname="TestCases.FindDoctors_TestCases" name="TC_002_selectLocation" time="2.788"/>
  <testcase classname="TestCases.FindDoctors_TestCases" name="TC_003_selectProfession" time="5.202"/>
  <testcase classname="TestCases.FindDoctors_TestCases" name="TC_004_selectStory" time="3.313"/>
  <testcase classname="TestCases.FindDoctors_TestCases" name="TC_005_doctorExperience" time="5.32"/>
  <testcase classname="TestCases.FindDoctors_TestCases" name="TC_006_selectingDoctorFees" time="5.289"/>
  <testcase classname="TestCases.FindDoctors_TestCases" name="TC_007_selectingDoctorsAvailability" time="32.894"/>
  <testcase classname="TestCases.FindDoctors_TestCases" name="TC_008_selectingSortBy" time="67.436"/>
  <testcase classname="TestCases.FindDoctors_TestCases" name="TC_009_topFiveDoctorDetails" time="9.011"/>
  <testcase classname="TestCases.Surgeries_TestCases" name="TC_010_clickSurgery" time="5.31"/>
  <testcase classname="TestCases.Surgeries_TestCases" name="TC_011_veryfingDirectedtoSurgeryPage" time="0.147"/>
  <testcase classname="TestCases.Surgeries_TestCases" name="TC_012_allPossibleSurgery" time="6.325"/>
  <testcase classname="TestCases.HealthandWellness_TestCases" name="TC_013_navigatingToHealthAndWellness" time="39.444"/>
  <testcase classname="TestCases.HealthandWellness_TestCases" name="TC_014_verifyingDirectedtoHealthAndWellnessPase" time="0.013"/>
  <testcase classname="TestCases.HealthandWellness_TestCases" name="TC_015_fillformWithInvalidNumber" time="2.241"/>
  <testcase classname="TestCases.HealthandWellness_TestCases" name="TC_016_fillingformWithInvalidEmail" time="3.371"/>
  <testcase classname="TestCases.HealthandWellness_TestCases" name="TC_017_fillingFormWithValidInput" time="2.937"/>
  <testcase classname="TestCases.HealthandWellness_TestCases" name="TC_018_validatingThankYou" time="48.776"/>
  <testcase classname="TestBase.BaseClass" name="@BeforeTest setupDriver" time="0.0">
    <ignored/>
  </testcase> <!-- @BeforeTest setupDriver -->
  <testcase classname="TestBase.BaseClass" name="@BeforeTest setupDriver" time="0.0">
    <ignored/>
  </testcase> <!-- @BeforeTest setupDriver -->
  <testcase classname="TestBase.BaseClass" name="@BeforeTest setupDriver" time="0.0">
    <ignored/>
  </testcase> <!-- @BeforeTest setupDriver -->
  <testcase classname="TestBase.BaseClass" name="@AfterTest tearDown" time="0.0">
    <ignored/>
  </testcase> <!-- @AfterTest tearDown -->
  <testcase classname="TestBase.BaseClass" name="@AfterTest tearDown" time="0.0">
    <ignored/>
  </testcase> <!-- @AfterTest tearDown -->
  <testcase classname="TestBase.BaseClass" name="@AfterTest tearDown" time="0.0">
    <ignored/>
  </testcase> <!-- @AfterTest tearDown -->
</testsuite> <!-- ChromeTest -->
