<?xml version="1.0" encoding="UTF-8"?>
<!-- Generated by org.testng.reporters.JUnitXMLReporter -->
<testsuite ignored="6" hostname="LTIN268674" failures="0" tests="18" name="ChromeTest" time="266.509" errors="0" timestamp="2024-03-04T11:58:51 IST">
  <testcase classname="TestCases.FindDoctors_TestCases" name="TC_001_findDoctors" time="32.492"/>
  <testcase classname="TestCases.FindDoctors_TestCases" name="TC_002_selectLocation" time="1.623"/>
  <testcase classname="TestCases.FindDoctors_TestCases" name="TC_003_selectProfession" time="35.776"/>
  <testcase classname="TestCases.FindDoctors_TestCases" name="TC_004_selectStory" time="3.367"/>
  <testcase classname="TestCases.FindDoctors_TestCases" name="TC_005_doctorExperience" time="33.692"/>
  <testcase classname="TestCases.FindDoctors_TestCases" name="TC_006_selectingDoctorFees" time="5.305"/>
  <testcase classname="TestCases.FindDoctors_TestCases" name="TC_007_selectingDoctorsAvailability" time="5.26"/>
  <testcase classname="TestCases.FindDoctors_TestCases" name="TC_008_selectingSortBy" time="7.09"/>
  <testcase classname="TestCases.FindDoctors_TestCases" name="TC_009_topFiveDoctorDetails" time="8.777"/>
  <testcase classname="TestCases.Surgeries_TestCases" name="TC_010_clickSurgery" time="3.842"/>
  <testcase classname="TestCases.Surgeries_TestCases" name="TC_011_veryfingDirectedtoSurgeryPage" time="0.066"/>
  <testcase classname="TestCases.Surgeries_TestCases" name="TC_012_allPossibleSurgery" time="6.743"/>
  <testcase classname="TestCases.HealthandWellness_TestCases" name="TC_013_navigatingToHealthAndWellness" time="37.68"/>
  <testcase classname="TestCases.HealthandWellness_TestCases" name="TC_014_verifyingDirectedtoHealthAndWellnessPase" time="0.031"/>
  <testcase classname="TestCases.HealthandWellness_TestCases" name="TC_015_fillformWithInvalidNumber" time="2.237"/>
  <testcase classname="TestCases.HealthandWellness_TestCases" name="TC_016_fillingformWithInvalidEmail" time="3.322"/>
  <testcase classname="TestCases.HealthandWellness_TestCases" name="TC_017_fillingFormWithValidInput" time="2.984"/>
  <testcase classname="TestCases.HealthandWellness_TestCases" name="TC_018_validatingThankYou" time="23.895"/>
  <testcase classname="TestBase.BaseClass" name="@BeforeTest setupDriver" time="0.0">
    <ignored/>
  </testcase> <!-- @BeforeTest setupDriver -->
  <testcase classname="TestBase.BaseClass" name="@BeforeTest setupDriver" time="0.0">
    <ignored/>
  </testcase> <!-- @BeforeTest setupDriver -->
  <testcase classname="TestBase.BaseClass" name="@BeforeTest setupDriver" time="0.0">
    <ignored/>
  </testcase> <!-- @BeforeTest setupDriver -->
  <testcase classname="TestBase.BaseClass" name="@AfterTest tearDown" time="0.0">
    <ignored/>
  </testcase> <!-- @AfterTest tearDown -->
  <testcase classname="TestBase.BaseClass" name="@AfterTest tearDown" time="0.0">
    <ignored/>
  </testcase> <!-- @AfterTest tearDown -->
  <testcase classname="TestBase.BaseClass" name="@AfterTest tearDown" time="0.0">
    <ignored/>
  </testcase> <!-- @AfterTest tearDown -->
</testsuite> <!-- ChromeTest -->
