<?xml version="1.0" encoding="UTF-8"?>
<!-- Generated by org.testng.reporters.JUnitXMLReporter -->
<testsuite ignored="6" hostname="LTIN268674" failures="0" tests="18" name="EdgeTest" time="366.602" errors="0" timestamp="2024-03-08T15:40:14 IST">
  <testcase classname="TestCases.FindDoctors_TestCases" name="TC_001_findDoctors" time="32.066"/>
  <testcase classname="TestCases.FindDoctors_TestCases" name="TC_002_selectLocation" time="3.178"/>
  <testcase classname="TestCases.FindDoctors_TestCases" name="TC_003_selectProfession" time="47.526"/>
  <testcase classname="TestCases.FindDoctors_TestCases" name="TC_004_selectStory" time="3.304"/>
  <testcase classname="TestCases.FindDoctors_TestCases" name="TC_005_doctorExperience" time="57.789"/>
  <testcase classname="TestCases.FindDoctors_TestCases" name="TC_006_selectingDoctorFees" time="33.881"/>
  <testcase classname="TestCases.FindDoctors_TestCases" name="TC_007_selectingDoctorsAvailability" time="33.796"/>
  <testcase classname="TestCases.FindDoctors_TestCases" name="TC_008_selectingSortBy" time="6.883"/>
  <testcase classname="TestCases.FindDoctors_TestCases" name="TC_009_topFiveDoctorDetails" time="5.702"/>
  <testcase classname="TestCases.Surgeries_TestCases" name="TC_010_clickSurgery" time="2.022"/>
  <testcase classname="TestCases.Surgeries_TestCases" name="TC_011_veryfingDirectedtoSurgeryPage" time="0.073"/>
  <testcase classname="TestCases.Surgeries_TestCases" name="TC_012_allPossibleSurgery" time="6.222"/>
  <testcase classname="TestCases.HealthandWellness_TestCases" name="TC_013_navigatingToHealthAndWellness" time="25.902"/>
  <testcase classname="TestCases.HealthandWellness_TestCases" name="TC_014_verifyingDirectedtoHealthAndWellnessPase" time="0.023"/>
  <testcase classname="TestCases.HealthandWellness_TestCases" name="TC_015_fillformWithInvalidNumber" time="2.568"/>
  <testcase classname="TestCases.HealthandWellness_TestCases" name="TC_016_fillingformWithInvalidEmail" time="3.502"/>
  <testcase classname="TestCases.HealthandWellness_TestCases" name="TC_017_fillingFormWithValidInput" time="2.975"/>
  <testcase classname="TestCases.HealthandWellness_TestCases" name="TC_018_validatingThankYou" time="48.414"/>
  <testcase classname="TestBase.BaseClass" name="@BeforeTest setupDriver" time="0.0">
    <ignored/>
  </testcase> <!-- @BeforeTest setupDriver -->
  <testcase classname="TestBase.BaseClass" name="@BeforeTest setupDriver" time="0.0">
    <ignored/>
  </testcase> <!-- @BeforeTest setupDriver -->
  <testcase classname="TestBase.BaseClass" name="@BeforeTest setupDriver" time="0.0">
    <ignored/>
  </testcase> <!-- @BeforeTest setupDriver -->
  <testcase classname="TestBase.BaseClass" name="@AfterTest tearDown" time="0.0">
    <ignored/>
  </testcase> <!-- @AfterTest tearDown -->
  <testcase classname="TestBase.BaseClass" name="@AfterTest tearDown" time="0.0">
    <ignored/>
  </testcase> <!-- @AfterTest tearDown -->
  <testcase classname="TestBase.BaseClass" name="@AfterTest tearDown" time="0.0">
    <ignored/>
  </testcase> <!-- @AfterTest tearDown -->
</testsuite> <!-- EdgeTest -->
