<?xml version="1.0" encoding="UTF-8"?>
<testng-results ignored="12" total="48" passed="36" failed="0" skipped="0">
  <reporter-output>
  </reporter-output>
  <suite started-at="2024-03-08T15:29:12 IST" name="Suite" finished-at="2024-03-08T15:40:14 IST" duration-ms="662006">
    <groups>
    </groups>
    <test started-at="2024-03-08T15:29:12 IST" name="ChromeTest" finished-at="2024-03-08T15:34:04 IST" duration-ms="292725">
      <class name="TestCases.HealthandWellness_TestCases">
        <test-method signature="TC_013_navigatingToHealthAndWellness()[pri:13, instance:TestCases.HealthandWellness_TestCases@65c7a252]" started-at="2024-03-08T15:32:24 IST" name="TC_013_navigatingToHealthAndWellness" finished-at="2024-03-08T15:33:03 IST" duration-ms="39444" status="PASS">
          <reporter-output>
          </reporter-output>
        </test-method> <!-- TC_013_navigatingToHealthAndWellness -->
        <test-method signature="TC_014_verifyingDirectedtoHealthAndWellnessPase()[pri:14, instance:TestCases.HealthandWellness_TestCases@65c7a252]" started-at="2024-03-08T15:33:04 IST" name="TC_014_verifyingDirectedtoHealthAndWellnessPase" finished-at="2024-03-08T15:33:04 IST" duration-ms="13" status="PASS">
          <reporter-output>
          </reporter-output>
        </test-method> <!-- TC_014_verifyingDirectedtoHealthAndWellnessPase -->
        <test-method signature="TC_015_fillformWithInvalidNumber()[pri:15, instance:TestCases.HealthandWellness_TestCases@65c7a252]" started-at="2024-03-08T15:33:04 IST" name="TC_015_fillformWithInvalidNumber" finished-at="2024-03-08T15:33:06 IST" duration-ms="2241" status="PASS">
          <reporter-output>
          </reporter-output>
        </test-method> <!-- TC_015_fillformWithInvalidNumber -->
        <test-method signature="TC_016_fillingformWithInvalidEmail()[pri:16, instance:TestCases.HealthandWellness_TestCases@65c7a252]" started-at="2024-03-08T15:33:07 IST" name="TC_016_fillingformWithInvalidEmail" finished-at="2024-03-08T15:33:10 IST" duration-ms="3371" status="PASS">
          <reporter-output>
          </reporter-output>
        </test-method> <!-- TC_016_fillingformWithInvalidEmail -->
        <test-method signature="TC_017_fillingFormWithValidInput()[pri:17, instance:TestCases.HealthandWellness_TestCases@65c7a252]" started-at="2024-03-08T15:33:10 IST" name="TC_017_fillingFormWithValidInput" finished-at="2024-03-08T15:33:13 IST" duration-ms="2937" status="PASS">
          <reporter-output>
          </reporter-output>
        </test-method> <!-- TC_017_fillingFormWithValidInput -->
        <test-method signature="TC_018_validatingThankYou()[pri:18, instance:TestCases.HealthandWellness_TestCases@65c7a252]" started-at="2024-03-08T15:33:14 IST" name="TC_018_validatingThankYou" finished-at="2024-03-08T15:34:03 IST" duration-ms="48776" status="PASS">
          <reporter-output>
          </reporter-output>
        </test-method> <!-- TC_018_validatingThankYou -->
      </class> <!-- TestCases.HealthandWellness_TestCases -->
      <class name="TestCases.Surgeries_TestCases">
        <test-method signature="TC_010_clickSurgery()[pri:10, instance:TestCases.Surgeries_TestCases@18df8434]" started-at="2024-03-08T15:32:11 IST" name="TC_010_clickSurgery" finished-at="2024-03-08T15:32:16 IST" duration-ms="5310" status="PASS">
          <reporter-output>
          </reporter-output>
        </test-method> <!-- TC_010_clickSurgery -->
        <test-method signature="TC_011_veryfingDirectedtoSurgeryPage()[pri:11, instance:TestCases.Surgeries_TestCases@18df8434]" started-at="2024-03-08T15:32:17 IST" name="TC_011_veryfingDirectedtoSurgeryPage" finished-at="2024-03-08T15:32:17 IST" duration-ms="147" status="PASS">
          <reporter-output>
          </reporter-output>
        </test-method> <!-- TC_011_veryfingDirectedtoSurgeryPage -->
        <test-method signature="TC_012_allPossibleSurgery()[pri:12, instance:TestCases.Surgeries_TestCases@18df8434]" started-at="2024-03-08T15:32:17 IST" name="TC_012_allPossibleSurgery" finished-at="2024-03-08T15:32:24 IST" duration-ms="6325" status="PASS">
          <reporter-output>
          </reporter-output>
        </test-method> <!-- TC_012_allPossibleSurgery -->
      </class> <!-- TestCases.Surgeries_TestCases -->
      <class name="TestCases.FindDoctors_TestCases">
        <test-method signature="TC_001_findDoctors()[pri:1, instance:TestCases.FindDoctors_TestCases@5677323c]" started-at="2024-03-08T15:29:54 IST" name="TC_001_findDoctors" finished-at="2024-03-08T15:29:57 IST" duration-ms="2842" status="PASS">
          <reporter-output>
          </reporter-output>
        </test-method> <!-- TC_001_findDoctors -->
        <test-method signature="TC_002_selectLocation()[pri:2, instance:TestCases.FindDoctors_TestCases@5677323c]" started-at="2024-03-08T15:29:57 IST" name="TC_002_selectLocation" finished-at="2024-03-08T15:30:00 IST" duration-ms="2788" status="PASS">
          <reporter-output>
          </reporter-output>
        </test-method> <!-- TC_002_selectLocation -->
        <test-method signature="TC_003_selectProfession()[pri:3, instance:TestCases.FindDoctors_TestCases@5677323c]" started-at="2024-03-08T15:30:00 IST" name="TC_003_selectProfession" finished-at="2024-03-08T15:30:05 IST" duration-ms="5202" status="PASS">
          <reporter-output>
          </reporter-output>
        </test-method> <!-- TC_003_selectProfession -->
        <test-method signature="TC_004_selectStory()[pri:4, instance:TestCases.FindDoctors_TestCases@5677323c]" started-at="2024-03-08T15:30:06 IST" name="TC_004_selectStory" finished-at="2024-03-08T15:30:09 IST" duration-ms="3313" status="PASS">
          <reporter-output>
          </reporter-output>
        </test-method> <!-- TC_004_selectStory -->
        <test-method signature="TC_005_doctorExperience()[pri:5, instance:TestCases.FindDoctors_TestCases@5677323c]" started-at="2024-03-08T15:30:09 IST" name="TC_005_doctorExperience" finished-at="2024-03-08T15:30:15 IST" duration-ms="5320" status="PASS">
          <reporter-output>
          </reporter-output>
        </test-method> <!-- TC_005_doctorExperience -->
        <test-method signature="TC_006_selectingDoctorFees()[pri:6, instance:TestCases.FindDoctors_TestCases@5677323c]" started-at="2024-03-08T15:30:15 IST" name="TC_006_selectingDoctorFees" finished-at="2024-03-08T15:30:20 IST" duration-ms="5289" status="PASS">
          <reporter-output>
          </reporter-output>
        </test-method> <!-- TC_006_selectingDoctorFees -->
        <test-method signature="TC_007_selectingDoctorsAvailability()[pri:7, instance:TestCases.FindDoctors_TestCases@5677323c]" started-at="2024-03-08T15:30:21 IST" name="TC_007_selectingDoctorsAvailability" finished-at="2024-03-08T15:30:54 IST" duration-ms="32894" status="PASS">
          <reporter-output>
          </reporter-output>
        </test-method> <!-- TC_007_selectingDoctorsAvailability -->
        <test-method signature="TC_008_selectingSortBy()[pri:8, instance:TestCases.FindDoctors_TestCases@5677323c]" started-at="2024-03-08T15:30:54 IST" name="TC_008_selectingSortBy" finished-at="2024-03-08T15:32:01 IST" duration-ms="67436" status="PASS">
          <reporter-output>
          </reporter-output>
        </test-method> <!-- TC_008_selectingSortBy -->
        <test-method signature="TC_009_topFiveDoctorDetails()[pri:9, instance:TestCases.FindDoctors_TestCases@5677323c]" started-at="2024-03-08T15:32:02 IST" name="TC_009_topFiveDoctorDetails" finished-at="2024-03-08T15:32:11 IST" duration-ms="9011" status="PASS">
          <reporter-output>
          </reporter-output>
        </test-method> <!-- TC_009_topFiveDoctorDetails -->
      </class> <!-- TestCases.FindDoctors_TestCases -->
      <class name="TestBase.BaseClass">
        <test-method is-config="true" signature="setupDriver(java.lang.String,java.lang.String)[pri:0, instance:TestBase.BaseClass@534a5a98]" started-at="2024-03-08T15:29:13 IST" name="setupDriver" finished-at="2024-03-08T15:29:54 IST" duration-ms="41229" status="PASS">
          <params>
            <param index="0">
              <value>
                <![CDATA[windows]]>
              </value>
            </param>
            <param index="1">
              <value>
                <![CDATA[chrome]]>
              </value>
            </param>
          </params>
          <reporter-output>
          </reporter-output>
        </test-method> <!-- setupDriver -->
        <test-method is-config="true" signature="tearDown()[pri:0, instance:TestBase.BaseClass@534a5a98]" started-at="2024-03-08T15:34:03 IST" name="tearDown" finished-at="2024-03-08T15:34:04 IST" duration-ms="1291" status="PASS">
          <reporter-output>
          </reporter-output>
        </test-method> <!-- tearDown -->
      </class> <!-- TestBase.BaseClass -->
    </test> <!-- ChromeTest -->
    <test started-at="2024-03-08T15:34:07 IST" name="EdgeTest" finished-at="2024-03-08T15:40:14 IST" duration-ms="366602">
      <class name="TestCases.HealthandWellness_TestCases">
        <test-method signature="TC_013_navigatingToHealthAndWellness()[pri:13, instance:TestCases.HealthandWellness_TestCases@563f38c4]" started-at="2024-03-08T15:38:47 IST" name="TC_013_navigatingToHealthAndWellness" finished-at="2024-03-08T15:39:12 IST" duration-ms="25902" status="PASS">
          <reporter-output>
          </reporter-output>
        </test-method> <!-- TC_013_navigatingToHealthAndWellness -->
        <test-method signature="TC_014_verifyingDirectedtoHealthAndWellnessPase()[pri:14, instance:TestCases.HealthandWellness_TestCases@563f38c4]" started-at="2024-03-08T15:39:13 IST" name="TC_014_verifyingDirectedtoHealthAndWellnessPase" finished-at="2024-03-08T15:39:13 IST" duration-ms="23" status="PASS">
          <reporter-output>
          </reporter-output>
        </test-method> <!-- TC_014_verifyingDirectedtoHealthAndWellnessPase -->
        <test-method signature="TC_015_fillformWithInvalidNumber()[pri:15, instance:TestCases.HealthandWellness_TestCases@563f38c4]" started-at="2024-03-08T15:39:13 IST" name="TC_015_fillformWithInvalidNumber" finished-at="2024-03-08T15:39:16 IST" duration-ms="2568" status="PASS">
          <reporter-output>
          </reporter-output>
        </test-method> <!-- TC_015_fillformWithInvalidNumber -->
        <test-method signature="TC_016_fillingformWithInvalidEmail()[pri:16, instance:TestCases.HealthandWellness_TestCases@563f38c4]" started-at="2024-03-08T15:39:16 IST" name="TC_016_fillingformWithInvalidEmail" finished-at="2024-03-08T15:39:20 IST" duration-ms="3502" status="PASS">
          <reporter-output>
          </reporter-output>
        </test-method> <!-- TC_016_fillingformWithInvalidEmail -->
        <test-method signature="TC_017_fillingFormWithValidInput()[pri:17, instance:TestCases.HealthandWellness_TestCases@563f38c4]" started-at="2024-03-08T15:39:20 IST" name="TC_017_fillingFormWithValidInput" finished-at="2024-03-08T15:39:23 IST" duration-ms="2975" status="PASS">
          <reporter-output>
          </reporter-output>
        </test-method> <!-- TC_017_fillingFormWithValidInput -->
        <test-method signature="TC_018_validatingThankYou()[pri:18, instance:TestCases.HealthandWellness_TestCases@563f38c4]" started-at="2024-03-08T15:39:24 IST" name="TC_018_validatingThankYou" finished-at="2024-03-08T15:40:12 IST" duration-ms="48414" status="PASS">
          <reporter-output>
          </reporter-output>
        </test-method> <!-- TC_018_validatingThankYou -->
      </class> <!-- TestCases.HealthandWellness_TestCases -->
      <class name="TestCases.Surgeries_TestCases">
        <test-method signature="TC_010_clickSurgery()[pri:10, instance:TestCases.Surgeries_TestCases@3e8c3cb]" started-at="2024-03-08T15:38:37 IST" name="TC_010_clickSurgery" finished-at="2024-03-08T15:38:39 IST" duration-ms="2022" status="PASS">
          <reporter-output>
          </reporter-output>
        </test-method> <!-- TC_010_clickSurgery -->
        <test-method signature="TC_011_veryfingDirectedtoSurgeryPage()[pri:11, instance:TestCases.Surgeries_TestCases@3e8c3cb]" started-at="2024-03-08T15:38:39 IST" name="TC_011_veryfingDirectedtoSurgeryPage" finished-at="2024-03-08T15:38:40 IST" duration-ms="73" status="PASS">
          <reporter-output>
          </reporter-output>
        </test-method> <!-- TC_011_veryfingDirectedtoSurgeryPage -->
        <test-method signature="TC_012_allPossibleSurgery()[pri:12, instance:TestCases.Surgeries_TestCases@3e8c3cb]" started-at="2024-03-08T15:38:40 IST" name="TC_012_allPossibleSurgery" finished-at="2024-03-08T15:38:46 IST" duration-ms="6222" status="PASS">
          <reporter-output>
          </reporter-output>
        </test-method> <!-- TC_012_allPossibleSurgery -->
      </class> <!-- TestCases.Surgeries_TestCases -->
      <class name="TestCases.FindDoctors_TestCases">
        <test-method signature="TC_001_findDoctors()[pri:1, instance:TestCases.FindDoctors_TestCases@793f29ff]" started-at="2024-03-08T15:34:50 IST" name="TC_001_findDoctors" finished-at="2024-03-08T15:35:22 IST" duration-ms="32066" status="PASS">
          <reporter-output>
          </reporter-output>
        </test-method> <!-- TC_001_findDoctors -->
        <test-method signature="TC_002_selectLocation()[pri:2, instance:TestCases.FindDoctors_TestCases@793f29ff]" started-at="2024-03-08T15:35:22 IST" name="TC_002_selectLocation" finished-at="2024-03-08T15:35:26 IST" duration-ms="3178" status="PASS">
          <reporter-output>
          </reporter-output>
        </test-method> <!-- TC_002_selectLocation -->
        <test-method signature="TC_003_selectProfession()[pri:3, instance:TestCases.FindDoctors_TestCases@793f29ff]" started-at="2024-03-08T15:35:26 IST" name="TC_003_selectProfession" finished-at="2024-03-08T15:36:13 IST" duration-ms="47526" status="PASS">
          <reporter-output>
          </reporter-output>
        </test-method> <!-- TC_003_selectProfession -->
        <test-method signature="TC_004_selectStory()[pri:4, instance:TestCases.FindDoctors_TestCases@793f29ff]" started-at="2024-03-08T15:36:14 IST" name="TC_004_selectStory" finished-at="2024-03-08T15:36:17 IST" duration-ms="3304" status="PASS">
          <reporter-output>
          </reporter-output>
        </test-method> <!-- TC_004_selectStory -->
        <test-method signature="TC_005_doctorExperience()[pri:5, instance:TestCases.FindDoctors_TestCases@793f29ff]" started-at="2024-03-08T15:36:17 IST" name="TC_005_doctorExperience" finished-at="2024-03-08T15:37:15 IST" duration-ms="57789" status="PASS">
          <reporter-output>
          </reporter-output>
        </test-method> <!-- TC_005_doctorExperience -->
        <test-method signature="TC_006_selectingDoctorFees()[pri:6, instance:TestCases.FindDoctors_TestCases@793f29ff]" started-at="2024-03-08T15:37:16 IST" name="TC_006_selectingDoctorFees" finished-at="2024-03-08T15:37:49 IST" duration-ms="33881" status="PASS">
          <reporter-output>
          </reporter-output>
        </test-method> <!-- TC_006_selectingDoctorFees -->
        <test-method signature="TC_007_selectingDoctorsAvailability()[pri:7, instance:TestCases.FindDoctors_TestCases@793f29ff]" started-at="2024-03-08T15:37:50 IST" name="TC_007_selectingDoctorsAvailability" finished-at="2024-03-08T15:38:23 IST" duration-ms="33796" status="PASS">
          <reporter-output>
          </reporter-output>
        </test-method> <!-- TC_007_selectingDoctorsAvailability -->
        <test-method signature="TC_008_selectingSortBy()[pri:8, instance:TestCases.FindDoctors_TestCases@793f29ff]" started-at="2024-03-08T15:38:24 IST" name="TC_008_selectingSortBy" finished-at="2024-03-08T15:38:31 IST" duration-ms="6883" status="PASS">
          <reporter-output>
          </reporter-output>
        </test-method> <!-- TC_008_selectingSortBy -->
        <test-method signature="TC_009_topFiveDoctorDetails()[pri:9, instance:TestCases.FindDoctors_TestCases@793f29ff]" started-at="2024-03-08T15:38:31 IST" name="TC_009_topFiveDoctorDetails" finished-at="2024-03-08T15:38:37 IST" duration-ms="5702" status="PASS">
          <reporter-output>
          </reporter-output>
        </test-method> <!-- TC_009_topFiveDoctorDetails -->
      </class> <!-- TestCases.FindDoctors_TestCases -->
      <class name="TestBase.BaseClass">
        <test-method is-config="true" signature="setupDriver(java.lang.String,java.lang.String)[pri:0, instance:TestBase.BaseClass@5d0bf09b]" started-at="2024-03-08T15:34:07 IST" name="setupDriver" finished-at="2024-03-08T15:34:50 IST" duration-ms="42869" status="PASS">
          <params>
            <param index="0">
              <value>
                <![CDATA[windows]]>
              </value>
            </param>
            <param index="1">
              <value>
                <![CDATA[edge]]>
              </value>
            </param>
          </params>
          <reporter-output>
          </reporter-output>
        </test-method> <!-- setupDriver -->
        <test-method is-config="true" signature="tearDown()[pri:0, instance:TestBase.BaseClass@5d0bf09b]" started-at="2024-03-08T15:40:12 IST" name="tearDown" finished-at="2024-03-08T15:40:14 IST" duration-ms="1350" status="PASS">
          <reporter-output>
          </reporter-output>
        </test-method> <!-- tearDown -->
      </class> <!-- TestBase.BaseClass -->
    </test> <!-- EdgeTest -->
  </suite> <!-- Suite -->
</testng-results>
